#
# There is insufficient memory for the Java Runtime Environment to continue.
# Native memory allocation (mmap) failed to map 132120576 bytes for G1 virtual space
# Possible reasons:
#   The system is out of physical RAM or swap space
#   The process is running with CompressedOops enabled, and the Java Heap may be blocking the growth of the native heap
# Possible solutions:
#   Reduce memory load on the system
#   Increase physical memory or swap space
#   Check if swap backing store is full
#   Decrease Java heap size (-Xmx/-Xms)
#   Decrease number of Java threads
#   Decrease Java thread stack sizes (-Xss)
#   Set larger code cache with -XX:ReservedCodeCacheSize=
#   JVM is running with Unscaled Compressed Oops mode in which the Java heap is
#     placed in the first 4GB address space. The Java Heap base address is the
#     maximum limit for the native heap growth. Please use -XX:HeapBaseMinAddress
#     to set the Java Heap base and to place the Java Heap above 4GB virtual address.
# This output file may be truncated or incomplete.
#
#  Out of Memory Error (os_windows.cpp:3541), pid=118164, tid=116764
#
# JRE version:  (17.0.5+9) (build )
# Java VM: Java HotSpot(TM) 64-Bit Server VM (17.0.5+9-LTS-191, mixed mode, sharing, tiered, compressed oops, compressed class ptrs, g1 gc, windows-amd64)
# No core dump will be written. Minidumps are not enabled by default on client versions of Windows
#

---------------  S U M M A R Y ------------

Command Line: -Dmaven.multiModuleProjectDirectory=C:\Users\flopy\OneDrive\Documentos\NetBeansProjects\demo org.apache.maven.wrapper.MavenWrapperMain -Dexec.vmArgs= -Dexec.args=${exec.vmArgs} -classpath %classpath ${exec.mainClass} ${exec.appArgs} -Dexec.appArgs= -Dexec.mainClass=${start-class} -Dexec.executable=C:\Program Files\Java\jdk-17.0.5\bin\java.exe -Dmaven.ext.class.path=C:\Program Files\NetBeans-15\netbeans\java\maven-nblib\netbeans-eventspy.jar -Dfile.encoding=UTF-8 process-classes org.codehaus.mojo:exec-maven-plugin:3.0.0:exec

Host: Intel(R) Core(TM) i3-10110U CPU @ 2.10GHz, 4 cores, 7G,  Windows 11 , 64 bit Build 22000 (10.0.22000.708)
Time: Mon Dec 12 17:06:54 2022 Hora estándar de Argentina elapsed time: 0.054198 seconds (0d 0h 0m 0s)

---------------  T H R E A D  ---------------

Current thread (0x000002c31e440560):  JavaThread "Unknown thread" [_thread_in_vm, id=116764, stack(0x000000eeec900000,0x000000eeeca00000)]

Stack: [0x000000eeec900000,0x000000eeeca00000]
Native frames: (J=compiled Java code, j=interpreted, Vv=VM code, C=native code)
V  [jvm.dll+0x672eea]
V  [jvm.dll+0x7d2a04]
V  [jvm.dll+0x7d41ae]
V  [jvm.dll+0x7d4813]
V  [jvm.dll+0x242c15]
V  [jvm.dll+0x66fe09]
V  [jvm.dll+0x664682]
V  [jvm.dll+0x300e8b]
V  [jvm.dll+0x308426]
V  [jvm.dll+0x357ffe]
V  [jvm.dll+0x35822f]
V  [jvm.dll+0x2d80a8]
V  [jvm.dll+0x2d9014]
V  [jvm.dll+0x7a44e1]
V  [jvm.dll+0x365df1]
V  [jvm.dll+0x7838fc]
V  [jvm.dll+0x3e873f]
V  [jvm.dll+0x3ea1e1]
C  [jli.dll+0x527b]
C  [ucrtbase.dll+0x26c0c]
C  [KERNEL32.DLL+0x154e0]
C  [ntdll.dll+0x485b]


---------------  P R O C E S S  ---------------

Threads class SMR info:
_java_thread_list=0x00007ffc8eb2a8d8, length=0, elements={
}

Java Threads: ( => current thread )

Other Threads:
  0x000002c31e49b050 GCTaskThread "GC Thread#0" [stack: 0x000000eeeca00000,0x000000eeecb00000] [id=116812]
  0x000002c31e4abbf0 ConcurrentGCThread "G1 Main Marker" [stack: 0x000000eeecb00000,0x000000eeecc00000] [id=117192]
  0x000002c31e4acda0 ConcurrentGCThread "G1 Conc#0" [stack: 0x000000eeecc00000,0x000000eeecd00000] [id=117960]

[error occurred during error reporting (printing all threads), id 0xc0000005, EXCEPTION_ACCESS_VIOLATION (0xc0000005) at pc=0x00007ffc8e378a97]

VM state: not at safepoint (not fully initialized)

VM Mutex/Monitor currently owned by a thread:  ([mutex/lock_event])
[0x000002c31e43c3e0] Heap_lock - owner thread: 0x000002c31e440560

Heap address: 0x0000000082800000, size: 2008 MB, Compressed Oops mode: 32-bit

CDS archive(s) mapped at: [0x0000000000000000-0x0000000000000000-0x0000000000000000), size 0, SharedBaseAddress: 0x0000000800000000, ArchiveRelocationMode: 0.
Narrow klass base: 0x0000000000000000, Narrow klass shift: 0, Narrow klass range: 0x0

GC Precious Log:
<Empty>

Heap:
 garbage-first heap   total 0K, used 0K [0x0000000082800000, 0x0000000100000000)
  region size 1024K, 0 young (0K), 0 survivors (0K)

[error occurred during error reporting (printing heap information), id 0xc0000005, EXCEPTION_ACCESS_VIOLATION (0xc0000005) at pc=0x00007ffc8e75c399]

GC Heap History (0 events):
No events

Deoptimization events (0 events):
No events

Classes unloaded (0 events):
No events

Classes redefined (0 events):
No events

Internal exceptions (0 events):
No events

VM Operations (0 events):
No events

Events (1 events):
Event: 0.032 Loaded shared library C:\Program Files\Java\jdk-17.0.5\bin\java.dll


Dynamic libraries:
0x00007ff6f6670000 - 0x00007ff6f6680000 	C:\Program Files\Java\jdk-17.0.5\bin\java.exe
0x00007ffcd6720000 - 0x00007ffcd6929000 	C:\WINDOWS\SYSTEM32\ntdll.dll
0x00007ffcd4f80000 - 0x00007ffcd503d000 	C:\WINDOWS\System32\KERNEL32.DLL
0x00007ffcd3bc0000 - 0x00007ffcd3f3b000 	C:\WINDOWS\System32\KERNELBASE.dll
0x00007ffcd3f40000 - 0x00007ffcd4051000 	C:\WINDOWS\System32\ucrtbase.dll
0x00007ffcca9d0000 - 0x00007ffcca9ea000 	C:\Program Files\Java\jdk-17.0.5\bin\VCRUNTIME140.dll
0x00007ffcca9b0000 - 0x00007ffcca9c8000 	C:\Program Files\Java\jdk-17.0.5\bin\jli.dll
0x00007ffcd4b50000 - 0x00007ffcd4bfe000 	C:\WINDOWS\System32\ADVAPI32.dll
0x00007ffcd5040000 - 0x00007ffcd50e3000 	C:\WINDOWS\System32\msvcrt.dll
0x00007ffcd6340000 - 0x00007ffcd63de000 	C:\WINDOWS\System32\sechost.dll
0x00007ffcd6590000 - 0x00007ffcd66b0000 	C:\WINDOWS\System32\RPCRT4.dll
0x00007ffcd50f0000 - 0x00007ffcd529d000 	C:\WINDOWS\System32\USER32.dll
0x00007ffcd44d0000 - 0x00007ffcd44f6000 	C:\WINDOWS\System32\win32u.dll
0x00007ffcd45c0000 - 0x00007ffcd45e9000 	C:\WINDOWS\System32\GDI32.dll
0x00007ffcd4120000 - 0x00007ffcd4238000 	C:\WINDOWS\System32\gdi32full.dll
0x00007ffcd43b0000 - 0x00007ffcd444d000 	C:\WINDOWS\System32\msvcp_win.dll
0x00007ffcc5920000 - 0x00007ffcc5bc5000 	C:\WINDOWS\WinSxS\amd64_microsoft.windows.common-controls_6595b64144ccf1df_6.0.22000.120_none_9d947278b86cc467\COMCTL32.dll
0x00007ffccea80000 - 0x00007ffccea8a000 	C:\WINDOWS\SYSTEM32\VERSION.dll
0x00007ffcd4580000 - 0x00007ffcd45b1000 	C:\WINDOWS\System32\IMM32.DLL
0x00007ffccf060000 - 0x00007ffccf06c000 	C:\Program Files\Java\jdk-17.0.5\bin\vcruntime140_1.dll
0x00007ffc96e80000 - 0x00007ffc96f0d000 	C:\Program Files\Java\jdk-17.0.5\bin\msvcp140.dll
0x00007ffc8e090000 - 0x00007ffc8ec52000 	C:\Program Files\Java\jdk-17.0.5\bin\server\jvm.dll
0x00007ffcd4570000 - 0x00007ffcd4578000 	C:\WINDOWS\System32\PSAPI.DLL
0x00007ffcca7d0000 - 0x00007ffcca7d9000 	C:\WINDOWS\SYSTEM32\WSOCK32.dll
0x00007ffccee60000 - 0x00007ffccee93000 	C:\WINDOWS\SYSTEM32\WINMM.dll
0x00007ffcd5e10000 - 0x00007ffcd5e7f000 	C:\WINDOWS\System32\WS2_32.dll
0x00007ffcd2c40000 - 0x00007ffcd2c58000 	C:\WINDOWS\SYSTEM32\kernel.appcore.dll
0x00007ffcce500000 - 0x00007ffcce50a000 	C:\Program Files\Java\jdk-17.0.5\bin\jimage.dll
0x00007ffcd16c0000 - 0x00007ffcd18e1000 	C:\WINDOWS\SYSTEM32\DBGHELP.DLL
0x00007ffccd8c0000 - 0x00007ffccd8f1000 	C:\WINDOWS\SYSTEM32\dbgcore.DLL
0x00007ffcd4450000 - 0x00007ffcd44cf000 	C:\WINDOWS\System32\bcryptPrimitives.dll
0x00007ffcc11c0000 - 0x00007ffcc11e5000 	C:\Program Files\Java\jdk-17.0.5\bin\java.dll

dbghelp: loaded successfully - version: 4.0.5 - missing functions: none
symbol engine: initialized successfully - sym options: 0x614 - pdb path: .;C:\Program Files\Java\jdk-17.0.5\bin;C:\WINDOWS\SYSTEM32;C:\WINDOWS\WinSxS\amd64_microsoft.windows.common-controls_6595b64144ccf1df_6.0.22000.120_none_9d947278b86cc467;C:\Program Files\Java\jdk-17.0.5\bin\server

VM Arguments:
jvm_args: -Dmaven.multiModuleProjectDirectory=C:\Users\flopy\OneDrive\Documentos\NetBeansProjects\demo 
java_command: org.apache.maven.wrapper.MavenWrapperMain -Dexec.vmArgs= -Dexec.args=${exec.vmArgs} -classpath %classpath ${exec.mainClass} ${exec.appArgs} -Dexec.appArgs= -Dexec.mainClass=${start-class} -Dexec.executable=C:\Program Files\Java\jdk-17.0.5\bin\java.exe -Dmaven.ext.class.path=C:\Program Files\NetBeans-15\netbeans\java\maven-nblib\netbeans-eventspy.jar -Dfile.encoding=UTF-8 process-classes org.codehaus.mojo:exec-maven-plugin:3.0.0:exec
java_class_path (initial): C:\Users\flopy\OneDrive\Documentos\NetBeansProjects\demo\.mvn\wrapper\maven-wrapper.jar
Launcher Type: SUN_STANDARD

[Global flags]
     intx CICompilerCount                          = 3                                         {product} {ergonomic}
     uint ConcGCThreads                            = 1                                         {product} {ergonomic}
     uint G1ConcRefinementThreads                  = 4                                         {product} {ergonomic}
   size_t G1HeapRegionSize                         = 1048576                                   {product} {ergonomic}
    uintx GCDrainStackTargetSize                   = 64                                        {product} {ergonomic}
   size_t InitialHeapSize                          = 132120576                                 {product} {ergonomic}
   size_t MarkStackSize                            = 4194304                                   {product} {ergonomic}
   size_t MaxHeapSize                              = 2105540608                                {product} {ergonomic}
   size_t MinHeapDeltaBytes                        = 1048576                                   {product} {ergonomic}
   size_t MinHeapSize                              = 8388608                                   {product} {ergonomic}
    uintx NonNMethodCodeHeapSize                   = 5832780                                {pd product} {ergonomic}
    uintx NonProfiledCodeHeapSize                  = 122912730                              {pd product} {ergonomic}
    uintx ProfiledCodeHeapSize                     = 122912730                              {pd product} {ergonomic}
    uintx ReservedCodeCacheSize                    = 251658240                              {pd product} {ergonomic}
     bool SegmentedCodeCache                       = true                                      {product} {ergonomic}
   size_t SoftMaxHeapSize                          = 2105540608                             {manageable} {ergonomic}
     bool UseCompressedClassPointers               = true                           {product lp64_product} {ergonomic}
     bool UseCompressedOops                        = true                           {product lp64_product} {ergonomic}
     bool UseG1GC                                  = true                                      {product} {ergonomic}
     bool UseLargePagesIndividualAllocation        = false                                  {pd product} {ergonomic}

Logging:
Log output configuration:
 #0: stdout all=warning uptime,level,tags
 #1: stderr all=off uptime,level,tags

Environment Variables:
JAVA_HOME=C:\Program Files\Java\jdk-17.0.5
PATH=C:\Program Files\Common Files\Oracle\Java\javapath;C:\Program Files (x86)\Common Files\Oracle\Java\javapath;C:\WINDOWS\system32;C:\WINDOWS;C:\WINDOWS\System32\Wbem;C:\WINDOWS\System32\WindowsPowerShell\v1.0\;C:\WINDOWS\System32\OpenSSH\;C:\Program Files\Git\cmd;C:\Program Files (x86)\dotnet\;C:\Program Files\nodejs\;C:\Program Files\MySQL\MySQL Shell 8.0\bin\;C:\Users\flopy\AppData\Local\Microsoft\WindowsApps;;C:\Users\flopy\AppData\Local\Programs\Microsoft VS Code\bin;C:\Users\flopy\AppData\Roaming\npm
USERNAME=flopy
OS=Windows_NT
PROCESSOR_IDENTIFIER=Intel64 Family 6 Model 142 Stepping 12, GenuineIntel



---------------  S Y S T E M  ---------------

OS:
 Windows 11 , 64 bit Build 22000 (10.0.22000.708)
OS uptime: 41 days 8:55 hours

CPU: total 4 (initial active 4) (2 cores per cpu, 2 threads per core) family 6 model 142 stepping 12 microcode 0xea, cx8, cmov, fxsr, ht, mmx, 3dnowpref, sse, sse2, sse3, ssse3, sse4.1, sse4.2, popcnt, lzcnt, tsc, tscinvbit, avx, avx2, aes, erms, clmul, bmi1, bmi2, adx, fma, vzeroupper, clflush, clflushopt

Memory: 4k page, system-wide physical 8026M (258M free)
TotalPageFile size 23129M (AvailPageFile size 125M)
current process WorkingSet (physical memory assigned to process): 10M, peak: 10M
current process commit charge ("private bytes"): 52M, peak: 178M

vm_info: Java HotSpot(TM) 64-Bit Server VM (17.0.5+9-LTS-191) for windows-amd64 JRE (17.0.5+9-LTS-191), built on Sep 13 2022 17:31:43 by "mach5one" with MS VC++ 16.8 / 16.9 (VS2019)

END.
